[INFO] Scanning for projects...
[INFO] 
[INFO] --------------------< com.financedashboard:zorvyn >---------------------
[INFO] Building  0.0.1-SNAPSHOT
[INFO]   from pom.xml
[INFO] --------------------------------[ jar ]---------------------------------
[INFO] 
[INFO] --- clean:3.5.0:clean (default-clean) @ zorvyn ---
[INFO] Deleting D:\explore\financial-dashboard-system\zorvyn\target
[INFO] 
[INFO] --- resources:3.3.1:resources (default-resources) @ zorvyn ---
[INFO] Copying 3 resources from src\main\resources to target\classes
[INFO] Copying 1 resource from src\main\resources to target\classes
[INFO] 
[INFO] --- compiler:3.14.1:compile (default-compile) @ zorvyn ---
[INFO] Recompiling the module because of changed source code.
[INFO] Compiling 53 source files with javac [debug parameters release 17] to target\classes
[INFO] -------------------------------------------------------------
[ERROR] COMPILATION ERROR : 
[INFO] -------------------------------------------------------------
[ERROR] /D:/explore/financial-dashboard-system/zorvyn/src/main/java/com/financedashboard/zorvyn/dto/RecordRequest.java:[54,6] cannot find symbol
  symbol:   class Schema
  location: class com.financedashboard.zorvyn.dto.RecordRequest
[INFO] 1 error
[INFO] -------------------------------------------------------------
[INFO] ------------------------------------------------------------------------
[INFO] BUILD FAILURE
[INFO] ------------------------------------------------------------------------
[INFO] Total time:  6.997 s
[INFO] Finished at: 2026-04-03T19:57:13+05:30
[INFO] ------------------------------------------------------------------------
[ERROR] Failed to execute goal org.apache.maven.plugins:maven-compiler-plugin:3.14.1:compile (default-compile) on project zorvyn: Compilation failure
[ERROR] /D:/explore/financial-dashboard-system/zorvyn/src/main/java/com/financedashboard/zorvyn/dto/RecordRequest.java:[54,6] cannot find symbol
[ERROR]   symbol:   class Schema
[ERROR]   location: class com.financedashboard.zorvyn.dto.RecordRequest
[ERROR] 
[ERROR] -> [Help 1]
[ERROR] 
[ERROR] To see the full stack trace of the errors, re-run Maven with the -e switch.
[ERROR] Re-run Maven using the -X switch to enable full debug logging.
[ERROR] 
[ERROR] For more information about the errors and possible solutions, please read the following articles:
[ERROR] [Help 1] http://cwiki.apache.org/confluence/display/MAVEN/MojoFailureException
