#
# There is insufficient memory for the Java Runtime Environment to continue.
# Native memory allocation (mmap) failed to map 260046848 bytes for G1 virtual space
# Possible reasons:
#   The system is out of physical RAM or swap space
#   The process is running with CompressedOops enabled, and the Java Heap may be blocking the growth of the native heap
# Possible solutions:
#   Reduce memory load on the system
#   Increase physical memory or swap space
#   Check if swap backing store is full
#   Decrease Java heap size (-Xmx/-Xms)
#   Decrease number of Java threads
#   Decrease Java thread stack sizes (-Xss)
#   Set larger code cache with -XX:ReservedCodeCacheSize=
#   JVM is running with Zero Based Compressed Oops mode in which the Java heap is
#     placed in the first 32GB address space. The Java Heap base address is the
#     maximum limit for the native heap growth. Please use -XX:HeapBaseMinAddress
#     to set the Java Heap base and to place the Java Heap above 32GB virtual address.
# This output file may be truncated or incomplete.
#
#  Out of Memory Error (os_windows.cpp:3528), pid=33728, tid=26564
#
# JRE version:  (20.0.1+9) (build )
# Java VM: Java HotSpot(TM) 64-Bit Server VM (20.0.1+9-29, mixed mode, sharing, tiered, compressed oops, compressed class ptrs, g1 gc, windows-amd64)
# No core dump will be written. Minidumps are not enabled by default on client versions of Windows
#

---------------  S U M M A R Y ------------

Command Line: -Dclassworlds.conf=C:\Users\ASUS\apache-maven-3.9.6-bin\apache-maven-3.9.6\bin\m2.conf -Dmaven.home=C:\Users\ASUS\apache-maven-3.9.6-bin\apache-maven-3.9.6 -Dlibrary.jansi.path=C:\Users\ASUS\apache-maven-3.9.6-bin\apache-maven-3.9.6\lib\jansi-native -Dmaven.multiModuleProjectDirectory=D:\explore\financial-dashboard-system\zorvyn org.codehaus.plexus.classworlds.launcher.Launcher clean compile

Host: AMD Ryzen 5 5600H with Radeon Graphics         , 12 cores, 15G,  Windows 11 , 64 bit Build 22621 (10.0.22621.5415)
Time: Fri Apr  3 19:38:17 2026 India Standard Time elapsed time: 0.027392 seconds (0d 0h 0m 0s)

---------------  T H R E A D  ---------------

Current thread (0x00000240107192d0):  JavaThread "Unknown thread" [_thread_in_vm, id=26564, stack(0x000000b2de200000,0x000000b2de300000)]

Stack: [0x000000b2de200000,0x000000b2de300000]
Native frames: (J=compiled Java code, j=interpreted, Vv=VM code, C=native code)
V  [jvm.dll+0x6bb95a]
V  [jvm.dll+0x8485fa]
V  [jvm.dll+0x84a1f5]
V  [jvm.dll+0x84a8f3]
V  [jvm.dll+0x280b0f]
V  [jvm.dll+0x6b86e9]
V  [jvm.dll+0x6ad2da]
V  [jvm.dll+0x35adf5]
V  [jvm.dll+0x363016]
V  [jvm.dll+0x3b3b3e]
V  [jvm.dll+0x3b3dc5]
V  [jvm.dll+0x32b50a]
V  [jvm.dll+0x32c32b]
V  [jvm.dll+0x8112bf]
V  [jvm.dll+0x3c0d91]
V  [jvm.dll+0x7fcfe3]
V  [jvm.dll+0x44c76f]
V  [jvm.dll+0x44e0e1]
C  [jli.dll+0x5287]
C  [ucrtbase.dll+0x29333]
C  [KERNEL32.DLL+0x1259d]
C  [ntdll.dll+0x5af78]


---------------  P R O C E S S  ---------------

Threads class SMR info:
_java_thread_list=0x00007ff92c15a098, length=0, elements={
}

Java Threads: ( => current thread )

Other Threads:
  0x0000024010784c30 WorkerThread "GC Thread#0" [stack: 0x000000b2de300000,0x000000b2de400000] [id=33404]
  0x0000024010795260 ConcurrentGCThread "G1 Main Marker" [stack: 0x000000b2de400000,0x000000b2de500000] [id=18220]
  0x0000024010795b90 WorkerThread "G1 Conc#0" [stack: 0x000000b2de500000,0x000000b2de600000] [id=15632]

[error occurred during error reporting (printing all threads), id 0xc0000005, EXCEPTION_ACCESS_VIOLATION (0xc0000005) at pc=0x00007ff92b93eb47]
VM state: not at safepoint (not fully initialized)

VM Mutex/Monitor currently owned by a thread:  ([mutex/lock_event])
[0x0000024010715990] Heap_lock - owner thread: 0x00000240107192d0

Heap address: 0x0000000709800000, size: 3944 MB, Compressed Oops mode: Zero based, Oop shift amount: 3

CDS archive(s) mapped at: [0x0000000000000000-0x0000000000000000-0x0000000000000000), size 0, SharedBaseAddress: 0x0000000800000000, ArchiveRelocationMode: 0.
Narrow klass base: 0x0000000000000000, Narrow klass shift: 0, Narrow klass range: 0x0

GC Precious Log:
 CardTable entry size: 512
 Card Set container configuration: InlinePtr #cards 4 size 8 Array Of Cards #cards 16 size 48 Howl #buckets 8 coarsen threshold 3686 Howl Bitmap #cards 512 size 80 coarsen threshold 460 Card regions per heap region 1 cards per card region 4096

Heap:
 garbage-first heap   total 0K, used 0K [0x0000000709800000, 0x0000000800000000)
  region size 2048K, 0 young (0K), 0 survivors (0K)

[error occurred during error reporting (printing heap information), id 0xc0000005, EXCEPTION_ACCESS_VIOLATION (0xc0000005) at pc=0x00007ff92bd13c59]
GC Heap History (0 events):
No events

Dll operation events (1 events):
Event: 0.012 Loaded shared library C:\Program Files\Java\jdk-20\bin\java.dll

Deoptimization events (0 events):
No events

Classes loaded (0 events):
No events

Classes unloaded (0 events):
No events

Classes redefined (0 events):
No events

Internal exceptions (0 events):
No events

VM Operations (0 events):
No events

Events (0 events):
No events


Dynamic libraries:
0x00007ff621600000 - 0x00007ff621610000 	C:\Program Files\Java\jdk-20\bin\java.exe
0x00007ffa17cb0000 - 0x00007ffa17ec7000 	C:\WINDOWS\SYSTEM32\ntdll.dll
0x00007ffa173a0000 - 0x00007ffa17464000 	C:\WINDOWS\System32\KERNEL32.DLL
0x00007ffa15080000 - 0x00007ffa15452000 	C:\WINDOWS\System32\KERNELBASE.dll
0x00007ffa157a0000 - 0x00007ffa158b1000 	C:\WINDOWS\System32\ucrtbase.dll
0x00007ff9ec260000 - 0x00007ff9ec279000 	C:\Program Files\Java\jdk-20\bin\jli.dll
0x00007ff9eb870000 - 0x00007ff9eb88b000 	C:\Program Files\Java\jdk-20\bin\VCRUNTIME140.dll
0x00007ffa174d0000 - 0x00007ffa17581000 	C:\WINDOWS\System32\ADVAPI32.dll
0x00007ffa163b0000 - 0x00007ffa16457000 	C:\WINDOWS\System32\msvcrt.dll
0x00007ffa17270000 - 0x00007ffa17318000 	C:\WINDOWS\System32\sechost.dll
0x00007ffa15630000 - 0x00007ffa15658000 	C:\WINDOWS\System32\bcrypt.dll
0x00007ffa15940000 - 0x00007ffa15a54000 	C:\WINDOWS\System32\RPCRT4.dll
0x00007ffa15d70000 - 0x00007ffa15f21000 	C:\WINDOWS\System32\USER32.dll
0x00007ffa01f10000 - 0x00007ffa021ab000 	C:\WINDOWS\WinSxS\amd64_microsoft.windows.common-controls_6595b64144ccf1df_6.0.22621.5547_none_27104afb73855772\COMCTL32.dll
0x00007ffa15050000 - 0x00007ffa15076000 	C:\WINDOWS\System32\win32u.dll
0x00007ffa15c00000 - 0x00007ffa15c29000 	C:\WINDOWS\System32\GDI32.dll
0x00007ffa15500000 - 0x00007ffa15623000 	C:\WINDOWS\System32\gdi32full.dll
0x00007ffa15460000 - 0x00007ffa154fa000 	C:\WINDOWS\System32\msvcp_win.dll
0x00007ffa0b170000 - 0x00007ffa0b17a000 	C:\WINDOWS\SYSTEM32\VERSION.dll
0x00007ffa15d30000 - 0x00007ffa15d61000 	C:\WINDOWS\System32\IMM32.DLL
0x00007ff9f5c60000 - 0x00007ff9f5c6c000 	C:\Program Files\Java\jdk-20\bin\vcruntime140_1.dll
0x00007ff9dd5e0000 - 0x00007ff9dd66e000 	C:\Program Files\Java\jdk-20\bin\msvcp140.dll
0x00007ff92b600000 - 0x00007ff92c297000 	C:\Program Files\Java\jdk-20\bin\server\jvm.dll
0x00007ffa0cd60000 - 0x00007ffa0cd94000 	C:\WINDOWS\SYSTEM32\WINMM.dll
0x00007ffa00a30000 - 0x00007ffa00a39000 	C:\WINDOWS\SYSTEM32\WSOCK32.dll
0x00007ffa15ca0000 - 0x00007ffa15d11000 	C:\WINDOWS\System32\WS2_32.dll
0x00007ffa13d30000 - 0x00007ffa13d48000 	C:\WINDOWS\SYSTEM32\kernel.appcore.dll
0x00007ff9f5420000 - 0x00007ff9f542a000 	C:\Program Files\Java\jdk-20\bin\jimage.dll
0x00007ffa11c30000 - 0x00007ffa11e63000 	C:\WINDOWS\SYSTEM32\DBGHELP.DLL
0x00007ffa17590000 - 0x00007ffa17923000 	C:\WINDOWS\System32\combase.dll
0x00007ffa16460000 - 0x00007ffa16537000 	C:\WINDOWS\System32\OLEAUT32.dll
0x00007ff9faca0000 - 0x00007ff9facd2000 	C:\WINDOWS\SYSTEM32\dbgcore.DLL
0x00007ffa14da0000 - 0x00007ffa14e1b000 	C:\WINDOWS\System32\bcryptPrimitives.dll
0x00007ff9ea4b0000 - 0x00007ff9ea4d6000 	C:\Program Files\Java\jdk-20\bin\java.dll

dbghelp: loaded successfully - version: 4.0.5 - missing functions: none
symbol engine: initialized successfully - sym options: 0x614 - pdb path: .;C:\Program Files\Java\jdk-20\bin;C:\WINDOWS\SYSTEM32;C:\WINDOWS\WinSxS\amd64_microsoft.windows.common-controls_6595b64144ccf1df_6.0.22621.5547_none_27104afb73855772;C:\Program Files\Java\jdk-20\bin\server

VM Arguments:
jvm_args: -Dclassworlds.conf=C:\Users\ASUS\apache-maven-3.9.6-bin\apache-maven-3.9.6\bin\m2.conf -Dmaven.home=C:\Users\ASUS\apache-maven-3.9.6-bin\apache-maven-3.9.6 -Dlibrary.jansi.path=C:\Users\ASUS\apache-maven-3.9.6-bin\apache-maven-3.9.6\lib\jansi-native -Dmaven.multiModuleProjectDirectory=D:\explore\financial-dashboard-system\zorvyn 
java_command: org.codehaus.plexus.classworlds.launcher.Launcher clean compile
java_class_path (initial): C:\Users\ASUS\apache-maven-3.9.6-bin\apache-maven-3.9.6\boot\plexus-classworlds-2.7.0.jar
Launcher Type: SUN_STANDARD

[Global flags]
     intx CICompilerCount                          = 4                                         {product} {ergonomic}
     uint ConcGCThreads                            = 3                                         {product} {ergonomic}
     uint G1ConcRefinementThreads                  = 10                                        {product} {ergonomic}
   size_t G1HeapRegionSize                         = 2097152                                   {product} {ergonomic}
    uintx GCDrainStackTargetSize                   = 64                                        {product} {ergonomic}
   size_t InitialHeapSize                          = 260046848                                 {product} {ergonomic}
   size_t MarkStackSize                            = 4194304                                   {product} {ergonomic}
   size_t MaxHeapSize                              = 4135583744                                {product} {ergonomic}
   size_t MinHeapDeltaBytes                        = 2097152                                   {product} {ergonomic}
   size_t MinHeapSize                              = 8388608                                   {product} {ergonomic}
    uintx NonNMethodCodeHeapSize                   = 5839372                                {pd product} {ergonomic}
    uintx NonProfiledCodeHeapSize                  = 122909434                              {pd product} {ergonomic}
    uintx ProfiledCodeHeapSize                     = 122909434                              {pd product} {ergonomic}
    uintx ReservedCodeCacheSize                    = 251658240                              {pd product} {ergonomic}
     bool SegmentedCodeCache                       = true                                      {product} {ergonomic}
   size_t SoftMaxHeapSize                          = 4135583744                             {manageable} {ergonomic}
     bool UseCompressedClassPointers               = true                           {product lp64_product} {ergonomic}
     bool UseCompressedOops                        = true                           {product lp64_product} {ergonomic}
     bool UseG1GC                                  = true                                      {product} {ergonomic}
     bool UseLargePagesIndividualAllocation        = false                                  {pd product} {ergonomic}

Logging:
Log output configuration:
 #0: stdout all=warning uptime,level,tags foldmultilines=false
 #1: stderr all=off uptime,level,tags foldmultilines=false

Environment Variables:
JAVA_HOME=C:\Program Files\Java\jdk-20
PATH=C:\Users\ASUS\anaconda3\condabin;C:\Program Files\PowerShell\7;C:\msys64\mingw64\bin;C:\Program Files\PowerShell\7\;C:\Program Files\Git\cmd;D:\Redis\;C:\Program Files\nodejs\;D:\gcloud-cli\google-cloud-sdk\bin;C:\Program Files\PowerShell\7;C:\Users\ASUS\anaconda3;C:\Users\ASUS\anaconda3\Library\mingw-w64\bin;C:\Users\ASUS\anaconda3\Library\usr\bin;C:\Users\ASUS\anaconda3\Library\bin;C:\Users\ASUS\anaconda3\Scripts;C:\Users\ASUS\anaconda3\bin;C:\Users\ASUS\anaconda3\condabin;C:\Python312\Scripts;C:\Python312;C:\Program Files\Common Files\Oracle\Java\javapath;C:\Program Files (x86)\Common Files\Oracle\Java\java8path;C:\Program Files (x86)\Common Files\Oracle\Java\javapath;C:\Windows\system32;C:\Windows;C:\Windows\System32\Wbem;C:\Windows\System32\WindowsPowerShell\v1.0;C:\Windows\System32\OpenSSH;C:\Program Files\Java\jdk-20\bin;C:\ProgramData\chocolatey\bin;C:\Program Files\MiKTeX\miktex\bin\x64;C:\MinGW\bin;C:\Program Files\dotnet;C:\Program Files\MySQL\MySQL Server 8.0\bin;C:\Users\ASUS\apache-maven-3.9.6-bin\apache-maven-3.9.6\bin;C:\Users\ASUS\AppData\Local\Microsoft\WindowsApps\PythonSoftwareFoundation.Python.3.11.exe;C:\Users\ASUS\all python files\venv\Scripts\python.exe;C:\php-8.3.9-Win32-vs16-x64;C:\Program ;C:\Users\ASUS\AppData\Local\Programs\Antigravity\bin;C:\Users\ASUS\AppData\Local\Programs\Microsoft VS Code\bin;C:\Users\ASUS\AppData\Roaming\npm
USERNAME=ASUS
LANG=en_US.UTF-8
OS=Windows_NT
PROCESSOR_IDENTIFIER=AMD64 Family 25 Model 80 Stepping 0, AuthenticAMD
TMP=C:\Users\ASUS\AppData\Local\Temp
TEMP=C:\Users\ASUS\AppData\Local\Temp




---------------  S Y S T E M  ---------------

OS:
 Windows 11 , 64 bit Build 22621 (10.0.22621.5415)
OS uptime: 2 days 11:36 hours
Hyper-V role detected

CPU: total 12 (initial active 12) (12 cores per cpu, 2 threads per core) family 25 model 80 stepping 0 microcode 0x0, cx8, cmov, fxsr, ht, mmx, 3dnowpref, sse, sse2, sse3, ssse3, sse4a, sse4.1, sse4.2, popcnt, lzcnt, tsc, tscinvbit, avx, avx2, aes, erms, clmul, bmi1, bmi2, adx, sha, fma, vzeroupper, clflush, clflushopt, hv, rdtscp, rdpid, fsrm, f16c, cet_ss

Memory: 4k page, system-wide physical 15775M (2571M free)
TotalPageFile size 21731M (AvailPageFile size 63M)
current process WorkingSet (physical memory assigned to process): 11M, peak: 11M
current process commit charge ("private bytes"): 64M, peak: 312M

vm_info: Java HotSpot(TM) 64-Bit Server VM (20.0.1+9-29) for windows-amd64 JRE (20.0.1+9-29), built on 2023-03-07T13:56:11Z by "mach5one" with MS VC++ 17.1 (VS2022)

END.
